2015-03-28 21:16:28: -- Analysis Started by User
2015-03-28 21:16:28: L: State file does not exist: I:/Google Drive/alisonhall.ca/_gsdata_/_file_state_v4._gs
2015-03-28 21:16:28: R: State file does not exist: D:/Google Drive/alisonhall.ca/_gsdata_/_file_state_v4._gs
2015-03-28 21:16:28: Changes: 68, Conflicts: 0, CopyTime: 0, CopyState: 0/0, Errors: 0, All: 68
2015-03-28 21:16:28: Left to Right: Copy File: 68 
2015-03-28 21:16:28: -- Analysis Complete. Time 00:00:00, Speed: Many files/s
2015-03-28 21:16:28: 
2015-03-28 21:16:43: New _gsdata_ folder(s) created, so rescan all job folders for their ghosts
2015-03-28 21:16:43: == Sync Started by User
2015-03-28 21:16:43: Create Folder 'D:/Google Drive/alisonhall.ca/css'
2015-03-28 21:16:43: Create Folder 'D:/Google Drive/alisonhall.ca/images'
2015-03-28 21:16:43: Create Folder 'D:/Google Drive/alisonhall.ca/images/project1'
2015-03-28 21:16:43: Create Folder 'D:/Google Drive/alisonhall.ca/images/project2'
2015-03-28 21:16:43: Create Folder 'D:/Google Drive/alisonhall.ca/images/project3'
2015-03-28 21:16:43: Create Folder 'D:/Google Drive/alisonhall.ca/images/project4'
2015-03-28 21:16:43: Create Folder 'D:/Google Drive/alisonhall.ca/images/project5'
2015-03-28 21:16:43: Create Folder 'D:/Google Drive/alisonhall.ca/projects'
2015-03-28 21:16:43: Create Folder 'D:/Google Drive/alisonhall.ca/script'
2015-03-28 21:16:43: Create Folder 'D:/Google Drive/alisonhall.ca/script/fancybox'
2015-03-28 21:16:43: Copy New 'I:/Google Drive/alisonhall.ca/about.html' -> 'D:/Google Drive/alisonhall.ca/about.html'
2015-03-28 21:16:43: Copy New 'I:/Google Drive/alisonhall.ca/contact.html' -> 'D:/Google Drive/alisonhall.ca/contact.html'
2015-03-28 21:16:43: Copy New 'I:/Google Drive/alisonhall.ca/css/main.css' -> 'D:/Google Drive/alisonhall.ca/css/main.css'
2015-03-28 21:16:43: Copy New 'I:/Google Drive/alisonhall.ca/css/normalize.css' -> 'D:/Google Drive/alisonhall.ca/css/normalize.css'
2015-03-28 21:16:43: Copy New 'I:/Google Drive/alisonhall.ca/images/alison.jpg' -> 'D:/Google Drive/alisonhall.ca/images/alison.jpg'
2015-03-28 21:16:43: Copy New 'I:/Google Drive/alisonhall.ca/images/bubble1.png' -> 'D:/Google Drive/alisonhall.ca/images/bubble1.png'
2015-03-28 21:16:43: Copy New 'I:/Google Drive/alisonhall.ca/images/bubble2.png' -> 'D:/Google Drive/alisonhall.ca/images/bubble2.png'
2015-03-28 21:16:43: Copy New 'I:/Google Drive/alisonhall.ca/images/bubble3.png' -> 'D:/Google Drive/alisonhall.ca/images/bubble3.png'
2015-03-28 21:16:43: Copy New 'I:/Google Drive/alisonhall.ca/images/bubble4.png' -> 'D:/Google Drive/alisonhall.ca/images/bubble4.png'
2015-03-28 21:16:43: Copy New 'I:/Google Drive/alisonhall.ca/images/bubble5.png' -> 'D:/Google Drive/alisonhall.ca/images/bubble5.png'
2015-03-28 21:16:43: Copy New 'I:/Google Drive/alisonhall.ca/images/facebook-wrap.png' -> 'D:/Google Drive/alisonhall.ca/images/facebook-wrap.png'
2015-03-28 21:16:43: Copy New 'I:/Google Drive/alisonhall.ca/images/project1/About.jpg' -> 'D:/Google Drive/alisonhall.ca/images/project1/About.jpg'
2015-03-28 21:16:43: Copy New 'I:/Google Drive/alisonhall.ca/images/project1/Business-Cards-1.jpg' -> 'D:/Google Drive/alisonhall.ca/images/project1/Business-Cards-1.jpg'
2015-03-28 21:16:43: Copy New 'I:/Google Drive/alisonhall.ca/images/project1/Business-Cards-2.jpg' -> 'D:/Google Drive/alisonhall.ca/images/project1/Business-Cards-2.jpg'
2015-03-28 21:16:43: Copy New 'I:/Google Drive/alisonhall.ca/images/project1/Business-Cards-3.jpg' -> 'D:/Google Drive/alisonhall.ca/images/project1/Business-Cards-3.jpg'
2015-03-28 21:16:43: Copy New 'I:/Google Drive/alisonhall.ca/images/project1/Contact.jpg' -> 'D:/Google Drive/alisonhall.ca/images/project1/Contact.jpg'
2015-03-28 21:16:43: Copy New 'I:/Google Drive/alisonhall.ca/images/project1/Home Page.jpg' -> 'D:/Google Drive/alisonhall.ca/images/project1/Home Page.jpg'
2015-03-28 21:16:44: Copy New 'I:/Google Drive/alisonhall.ca/images/project1/integrative-architrave.jpg' -> 'D:/Google Drive/alisonhall.ca/images/project1/integrative-architrave.jpg'
2015-03-28 21:16:44: Copy New 'I:/Google Drive/alisonhall.ca/images/project1/Mood-Board.jpg' -> 'D:/Google Drive/alisonhall.ca/images/project1/Mood-Board.jpg'
2015-03-28 21:16:44: Copy New 'I:/Google Drive/alisonhall.ca/images/project1/Projects---Modal-Window.jpg' -> 'D:/Google Drive/alisonhall.ca/images/project1/Projects---Modal-Window.jpg'
2015-03-28 21:16:44: Copy New 'I:/Google Drive/alisonhall.ca/images/project1/Projects.jpg' -> 'D:/Google Drive/alisonhall.ca/images/project1/Projects.jpg'
2015-03-28 21:16:44: Copy New 'I:/Google Drive/alisonhall.ca/images/project1/Reviews.jpg' -> 'D:/Google Drive/alisonhall.ca/images/project1/Reviews.jpg'
2015-03-28 21:16:44: Copy New 'I:/Google Drive/alisonhall.ca/images/project1/Site Map.jpg' -> 'D:/Google Drive/alisonhall.ca/images/project1/Site Map.jpg'
2015-03-28 21:16:44: Copy New 'I:/Google Drive/alisonhall.ca/images/project2/cuda.jpg' -> 'D:/Google Drive/alisonhall.ca/images/project2/cuda.jpg'
2015-03-28 21:16:44: Copy New 'I:/Google Drive/alisonhall.ca/images/project2/design1.png' -> 'D:/Google Drive/alisonhall.ca/images/project2/design1.png'
2015-03-28 21:16:44: Copy New 'I:/Google Drive/alisonhall.ca/images/project3/desktop_layout.png' -> 'D:/Google Drive/alisonhall.ca/images/project3/desktop_layout.png'
2015-03-28 21:16:44: Copy New 'I:/Google Drive/alisonhall.ca/images/project3/medium_layout.png' -> 'D:/Google Drive/alisonhall.ca/images/project3/medium_layout.png'
2015-03-28 21:16:44: Copy New 'I:/Google Drive/alisonhall.ca/images/project3/small_layout.png' -> 'D:/Google Drive/alisonhall.ca/images/project3/small_layout.png'
2015-03-28 21:16:44: Copy New 'I:/Google Drive/alisonhall.ca/images/project3/webProg2.jpg' -> 'D:/Google Drive/alisonhall.ca/images/project3/webProg2.jpg'
2015-03-28 21:16:44: Copy New 'I:/Google Drive/alisonhall.ca/images/project4/Icon1.png' -> 'D:/Google Drive/alisonhall.ca/images/project4/Icon1.png'
2015-03-28 21:16:44: Copy New 'I:/Google Drive/alisonhall.ca/images/project4/Icon2.png' -> 'D:/Google Drive/alisonhall.ca/images/project4/Icon2.png'
2015-03-28 21:16:44: Copy New 'I:/Google Drive/alisonhall.ca/images/project4/Icon3.png' -> 'D:/Google Drive/alisonhall.ca/images/project4/Icon3.png'
2015-03-28 21:16:44: Copy New 'I:/Google Drive/alisonhall.ca/images/project4/Icon4.png' -> 'D:/Google Drive/alisonhall.ca/images/project4/Icon4.png'
2015-03-28 21:16:44: Copy New 'I:/Google Drive/alisonhall.ca/images/project4/Icon5.png' -> 'D:/Google Drive/alisonhall.ca/images/project4/Icon5.png'
2015-03-28 21:16:44: Copy New 'I:/Google Drive/alisonhall.ca/images/project4/Icon6.png' -> 'D:/Google Drive/alisonhall.ca/images/project4/Icon6.png'
2015-03-28 21:16:44: Copy New 'I:/Google Drive/alisonhall.ca/images/project4/iconDesign.jpg' -> 'D:/Google Drive/alisonhall.ca/images/project4/iconDesign.jpg'
2015-03-28 21:16:44: Copy New 'I:/Google Drive/alisonhall.ca/images/project4/TitlePage.png' -> 'D:/Google Drive/alisonhall.ca/images/project4/TitlePage.png'
2015-03-28 21:16:45: Copy New 'I:/Google Drive/alisonhall.ca/images/project4/WEBD Digital Design 2 Icon Design Assignment Sketches.jpg' -> 'D:/Google Drive/alisonhall.ca/images/project4/WEBD Digital Design 2 Icon Design Assignment Sketches.jpg'
2015-03-28 21:16:45: Copy New 'I:/Google Drive/alisonhall.ca/images/project5/productsPage.jpg' -> 'D:/Google Drive/alisonhall.ca/images/project5/productsPage.jpg'
2015-03-28 21:16:45: Copy New 'I:/Google Drive/alisonhall.ca/images/twitter-wrap.png' -> 'D:/Google Drive/alisonhall.ca/images/twitter-wrap.png'
2015-03-28 21:16:45: Copy New 'I:/Google Drive/alisonhall.ca/index.html' -> 'D:/Google Drive/alisonhall.ca/index.html'
2015-03-28 21:16:45: Copy New 'I:/Google Drive/alisonhall.ca/projects/project1.html' -> 'D:/Google Drive/alisonhall.ca/projects/project1.html'
2015-03-28 21:16:45: Copy New 'I:/Google Drive/alisonhall.ca/projects/project2.html' -> 'D:/Google Drive/alisonhall.ca/projects/project2.html'
2015-03-28 21:16:45: Copy New 'I:/Google Drive/alisonhall.ca/projects/project3.html' -> 'D:/Google Drive/alisonhall.ca/projects/project3.html'
2015-03-28 21:16:45: Copy New 'I:/Google Drive/alisonhall.ca/projects/project4.html' -> 'D:/Google Drive/alisonhall.ca/projects/project4.html'
2015-03-28 21:16:45: Copy New 'I:/Google Drive/alisonhall.ca/projects/project5.html' -> 'D:/Google Drive/alisonhall.ca/projects/project5.html'
2015-03-28 21:16:45: Copy New 'I:/Google Drive/alisonhall.ca/script/fancybox/blank.gif' -> 'D:/Google Drive/alisonhall.ca/script/fancybox/blank.gif'
2015-03-28 21:16:45: Copy New 'I:/Google Drive/alisonhall.ca/script/fancybox/fancybox-x.png' -> 'D:/Google Drive/alisonhall.ca/script/fancybox/fancybox-x.png'
2015-03-28 21:16:45: Copy New 'I:/Google Drive/alisonhall.ca/script/fancybox/fancybox-y.png' -> 'D:/Google Drive/alisonhall.ca/script/fancybox/fancybox-y.png'
2015-03-28 21:16:45: Copy New 'I:/Google Drive/alisonhall.ca/script/fancybox/fancybox.png' -> 'D:/Google Drive/alisonhall.ca/script/fancybox/fancybox.png'
2015-03-28 21:16:45: Copy New 'I:/Google Drive/alisonhall.ca/script/fancybox/jquery.fancybox-1.3.4.css' -> 'D:/Google Drive/alisonhall.ca/script/fancybox/jquery.fancybox-1.3.4.css'
2015-03-28 21:16:45: Copy New 'I:/Google Drive/alisonhall.ca/script/fancybox/jquery.fancybox-1.3.4.pack.js' -> 'D:/Google Drive/alisonhall.ca/script/fancybox/jquery.fancybox-1.3.4.pack.js'
2015-03-28 21:16:45: Copy New 'I:/Google Drive/alisonhall.ca/script/fancybox/jquery.fancybox.css' -> 'D:/Google Drive/alisonhall.ca/script/fancybox/jquery.fancybox.css'
2015-03-28 21:16:45: Copy New 'I:/Google Drive/alisonhall.ca/script/fancybox/jquery.fancybox.js' -> 'D:/Google Drive/alisonhall.ca/script/fancybox/jquery.fancybox.js'
2015-03-28 21:16:45: Copy New 'I:/Google Drive/alisonhall.ca/script/fancybox/jquery.fancybox.pack.js' -> 'D:/Google Drive/alisonhall.ca/script/fancybox/jquery.fancybox.pack.js'
2015-03-28 21:16:45: Copy New 'I:/Google Drive/alisonhall.ca/script/script.js' -> 'D:/Google Drive/alisonhall.ca/script/script.js'
2015-03-28 21:16:45: Copy New 'I:/Google Drive/alisonhall.ca/script/scriptBubbles.js' -> 'D:/Google Drive/alisonhall.ca/script/scriptBubbles.js'
2015-03-28 21:16:45: Copy New 'I:/Google Drive/alisonhall.ca/script/scriptProjects.js' -> 'D:/Google Drive/alisonhall.ca/script/scriptProjects.js'
2015-03-28 21:16:45: == Sync Complete. Time: 00:00:02, Speed: 12.3 MB/s, OK: 68, Errors: 0
2015-03-28 21:16:45: 
